<?xml version="1.0" encoding="UTF-8"?>
<testng-results skipped="0" failed="0" total="1" passed="1">
  <reporter-output>
  </reporter-output>
  <suite name="Default suite" duration-ms="820" started-at="2019-04-20T23:59:27Z" finished-at="2019-04-20T23:59:28Z">
    <groups>
    </groups>
    <test name="Default test" duration-ms="820" started-at="2019-04-20T23:59:27Z" finished-at="2019-04-20T23:59:28Z">
      <class name="com.Apex.RestAPI.GetAPITest">
        <test-method status="PASS" signature="setUp()[pri:0, instance:com.Apex.RestAPI.GetAPITest@445b84c0]" name="setUp" is-config="true" duration-ms="16" started-at="2019-04-20T16:59:27Z" finished-at="2019-04-20T16:59:27Z">
          <reporter-output>
          </reporter-output>
        </test-method> <!-- setUp -->
        <test-method status="PASS" signature="getAPITestWithHeaders()[pri:2, instance:com.Apex.RestAPI.GetAPITest@445b84c0]" name="getAPITestWithHeaders" duration-ms="804" started-at="2019-04-20T16:59:27Z" finished-at="2019-04-20T16:59:28Z">
          <reporter-output>
          </reporter-output>
        </test-method> <!-- getAPITestWithHeaders -->
      </class> <!-- com.Apex.RestAPI.GetAPITest -->
    </test> <!-- Default test -->
  </suite> <!-- Default suite -->
</testng-results>
