<?xml version="1.0" encoding="UTF-8"?>
<testng-results skipped="0" failed="0" ignored="0" total="1" passed="1">
  <reporter-output>
  </reporter-output>
  <suite name="Default suite" duration-ms="39" started-at="2019-09-14T21:05:08Z" finished-at="2019-09-14T21:05:08Z">
    <groups>
    </groups>
    <test name="Default test" duration-ms="39" started-at="2019-09-14T21:05:08Z" finished-at="2019-09-14T21:05:08Z">
      <class name="com.qa.testcases.Log4J2demo">
        <test-method status="PASS" signature="performSomeTask()[pri:0, instance:com.qa.testcases.Log4J2demo@79e2c065]" name="performSomeTask" duration-ms="16" started-at="2019-09-14T14:05:08Z" finished-at="2019-09-14T14:05:08Z">
          <reporter-output>
          </reporter-output>
        </test-method> <!-- performSomeTask -->
      </class> <!-- com.qa.testcases.Log4J2demo -->
    </test> <!-- Default test -->
  </suite> <!-- Default suite -->
</testng-results>
